 二  20 00:37:08 Calling sched_setscheduler(79)
 二  20 00:37:08 CMDLINE: "./nr-uesoftmodem" "--rfsim" "--phy-test" "-d" "--rfsimulator.serveraddr" "127.0.0.1" 
 二  20 00:37:08 [CONFIG] get parameters from cmdline [CONFIG] debug flags: 0x00400000
 二  20 00:37:08 [CONFIG] log_config: 2/3 parameters successfully set 
 二  20 00:37:08 [CONFIG] log_config: 53/53 parameters successfully set 
 二  20 00:37:08 [CONFIG] log_config: 53/53 parameters successfully set 
 二  20 00:37:08 [CONFIG] log_config: 16/16 parameters successfully set 
 二  20 00:37:08 [CONFIG] log_config: 16/16 parameters successfully set 
 二  20 00:37:08 log init done
 二  20 00:37:08 [CONFIG] (root): 30/33 parameters successfully set 
 二  20 00:37:08 [CONFIG] (root): 38/41 parameters successfully set 
 二  20 00:37:08 [CONFIG] (root): 5/6 parameters successfully set 
 二  20 00:37:08 [ENB_APP]   nfapi running mode: MONOLITHIC
 二  20 00:37:08 [0m[CONFIG] TTracer: 3/3 parameters successfully set 
 二  20 00:37:08 create a thread for core -1
 二  20 00:37:08 [UTIL]   Creating thread Tpool0_-1 with affinity -1 and priority 50
 二  20 00:37:08 [0mcreate a thread for core -1
 二  20 00:37:08 [UTIL]   Creating thread Tpool1_-1 with affinity -1 and priority 50
 二  20 00:37:08 [0mcreate a thread for core -1
 二  20 00:37:08 [UTIL]   Creating thread Tpool2_-1 with affinity -1 and priority 50
 二  20 00:37:08 [0mcreate a thread for core -1
 二  20 00:37:08 [UTIL]   Creating thread Tpool3_-1 with affinity -1 and priority 50
 二  20 00:37:08 [0mcreate a thread for core -1
 二  20 00:37:08 [UTIL]   Creating thread Tpool4_-1 with affinity -1 and priority 50
 二  20 00:37:08 [0mcreate a thread for core -1
 二  20 00:37:08 [UTIL]   Creating thread Tpool5_-1 with affinity -1 and priority 50
 二  20 00:37:08 [0mcreate a thread for core -1
 二  20 00:37:08 [UTIL]   Creating thread Tpool6_-1 with affinity -1 and priority 50
 二  20 00:37:08 [0mcreate a thread for core -1
 二  20 00:37:08 [UTIL]   Creating thread Tpool7_-1 with affinity -1 and priority 50
 二  20 00:37:09 [0m[ITTI]   Starting itti queue: TASK_UNKNOWN as task 0
 二  20 00:37:09 [0m[ITTI]   Starting itti queue: TASK_TIMER as task 1
 二  20 00:37:09 [0m[ITTI]   Starting itti queue: TASK_L2L1 as task 2
 二  20 00:37:09 [0m[ITTI]   Starting itti queue: TASK_BM as task 3
 二  20 00:37:09 [0m[ITTI]   Starting itti queue: TASK_PHY_ENB as task 4
 二  20 00:37:09 [0m[ITTI]   Starting itti queue: TASK_MAC_GNB as task 5
 二  20 00:37:09 [0m[ITTI]   Starting itti queue: TASK_RLC_ENB as task 6
 二  20 00:37:09 [0m[ITTI]   Starting itti queue: TASK_RRC_ENB_NB_IoT as task 7
 二  20 00:37:09 [0m[ITTI]   Starting itti queue: TASK_PDCP_ENB as task 8
 二  20 00:37:09 [0m[ITTI]   Starting itti queue: TASK_PDCP_GNB as task 9
 二  20 00:37:09 [0m[ITTI]   Starting itti queue: TASK_DATA_FORWARDING as task 10
 二  20 00:37:09 [0m[ITTI]   Starting itti queue: TASK_END_MARKER as task 11
 二  20 00:37:09 [0m[ITTI]   Starting itti queue: TASK_RRC_ENB as task 12
 二  20 00:37:09 [0m[ITTI]   Starting itti queue: TASK_RRC_GNB as task 13
 二  20 00:37:09 [0m[ITTI]   Starting itti queue: TASK_RAL_ENB as task 14
 二  20 00:37:09 [0m[ITTI]   Starting itti queue: TASK_S1AP as task 15
 二  20 00:37:09 [0m[ITTI]   Starting itti queue: TASK_NGAP as task 16
 二  20 00:37:09 [0m[ITTI]   Starting itti queue: TASK_X2AP as task 17
 二  20 00:37:09 [0m[ITTI]   Starting itti queue: TASK_M2AP_ENB as task 18
 二  20 00:37:09 [0m[ITTI]   Starting itti queue: TASK_M2AP_MCE as task 19
 二  20 00:37:09 [0m[ITTI]   Starting itti queue: TASK_M3AP as task 20
 二  20 00:37:09 [0m[ITTI]   Starting itti queue: TASK_M3AP_MME as task 21
 二  20 00:37:09 [0m[ITTI]   Starting itti queue: TASK_M3AP_MCE as task 22
 二  20 00:37:09 [0m[ITTI]   Starting itti queue: TASK_SCTP as task 23
 二  20 00:37:09 [0m[ITTI]   Starting itti queue: TASK_ENB_APP as task 24
 二  20 00:37:09 [0m[ITTI]   Starting itti queue: TASK_GNB_APP as task 25
 二  20 00:37:09 [0m[ITTI]   Starting itti queue: TASK_MCE_APP as task 26
 二  20 00:37:09 [0m[ITTI]   Starting itti queue: TASK_MME_APP as task 27
 二  20 00:37:09 [0m[ITTI]   Starting itti queue: TASK_PHY_UE as task 28
 二  20 00:37:09 [0m[ITTI]   Starting itti queue: TASK_MAC_UE as task 29
 二  20 00:37:09 [0m[ITTI]   Starting itti queue: TASK_RLC_UE as task 30
 二  20 00:37:09 [0m[ITTI]   Starting itti queue: TASK_PDCP_UE as task 31
 二  20 00:37:09 [0m[ITTI]   Starting itti queue: TASK_RRC_UE as task 32
 二  20 00:37:09 [0m[ITTI]   Starting itti queue: TASK_RRC_NRUE as task 33
 二  20 00:37:09 [0m[ITTI]   Starting itti queue: TASK_NAS_UE as task 34
 二  20 00:37:09 [0m[ITTI]   Starting itti queue: TASK_RAL_UE as task 35
 二  20 00:37:09 [0m[ITTI]   Starting itti queue: TASK_GTPV1_U as task 36
 二  20 00:37:09 [0m[ITTI]   Starting itti queue: TASK_CU_F1 as task 37
 二  20 00:37:09 [0m[ITTI]   Starting itti queue: TASK_DU_F1 as task 38
 二  20 00:37:09 [0m[ITTI]   Starting itti queue: TASK_CUCP_E1 as task 39
 二  20 00:37:09 [0m[ITTI]   Starting itti queue: TASK_CUUP_E1 as task 40
 二  20 00:37:09 [0m[ITTI]   Starting itti queue: TASK_RRC_UE_SIM as task 41
 二  20 00:37:09 [0m[ITTI]   Starting itti queue: TASK_RRC_GNB_SIM as task 42
 二  20 00:37:09 [0m[ITTI]   Starting itti queue: TASK_RRC_NSA_UE as task 43
 二  20 00:37:09 [0m[ITTI]   Starting itti queue: TASK_RRC_NSA_NRUE as task 44
 二  20 00:37:09 [0m[ITTI]   Starting itti queue: TASK_NAS_NRUE as task 45
 二  20 00:37:09 [0m[CONFIG] opt: 3/3 parameters successfully set 
 二  20 00:37:09 [OPT]   OPT disabled
 二  20 00:37:09 [0m[CONFIG] loader: 2/2 parameters successfully set 
 二  20 00:37:09 [CONFIG] loader.ldpc: 1/2 parameters successfully set 
 二  20 00:37:09 shlib_path libldpc.so
 二  20 00:37:09 [LOADER] library libldpc.so successfully loaded
 二  20 00:37:09 [HW]   Version: Branch: nfapi-fixes Abrev. Hash: a6f7329c37 Date: Wed Feb 14 10:42:17 2024 +0800
 二  20 00:37:09 [0m[NR_RRC]   using ./reconfig.raw for rrc init[1/2]
 二  20 00:37:09 [0m[NR_RRC]   using ./rbconfig.raw for rrc init[2/2]
 二  20 00:37:09 [0m[NR_MAC]   [UE0] Applying default macMainConfig
 二  20 00:37:09 [0m[NR_MAC]   Initializing dl and ul config_request. num_slots = 20
 二  20 00:37:09 [0m[NR_MAC]   Configuring CRNTI 1234
 二  20 00:37:09 [0m[NR_MAC]   NR band duplex spacing is 0 KHz (nr_bandtable[37].band = 78)
 二  20 00:37:09 [0m[NR_MAC]   NR band duplex spacing is 0 KHz (nr_bandtable[37].band = 78)
 二  20 00:37:09 [0m[NR_MAC]   NR band duplex spacing is 0 KHz (nr_bandtable[37].band = 78)
 二  20 00:37:09 [0m[NR_MAC]   NR band 78, duplex mode TDD, duplex spacing = 0 KHz
 二  20 00:37:09 [0m[RLC]   activated srb0 for UE with RNTI 0x1234
 二  20 00:37:09 [0m[PHY]   Set UE_fo_compensation 0, UE_scan_carrier 0, UE_no_timing_correction 0 
 二  20 00:37:09 , chest-freq 0, chest-time 0
 二  20 00:37:09 [0m[PHY]   Set UE nb_rx_antenna 1, nb_tx_antenna 1, threequarter_fs 0, ssb_start_subcarrier 516
 二  20 00:37:09 [0m[PHY]   Initializing frame parms: set nb_antenna_ports_gNB 1, tdd_config, 3, Nid_cell 0
 二  20 00:37:09 [0m[NR_MAC]   NR band duplex spacing is 0 KHz (nr_bandtable[37].band = 78)
 二  20 00:37:09 [0m[NR_MAC]   NR band 78, duplex mode TDD, duplex spacing = 0 KHz
 二  20 00:37:09 [0m[NR_MAC]   NR band duplex spacing is 0 KHz (nr_bandtable[37].band = 78)
 二  20 00:37:09 [0m[PHY]   Initializing frame parms: DL frequency 3619200000 Hz, UL frequency 3619200000 Hz: band 78, uldl offset 0 Hz
 二  20 00:37:09 [0m[PHY]   Initializing frame parms for mu 1, N_RB 106, Ncp 0
 二  20 00:37:09 [0m[93m[PHY]   Init: N_RB_DL 106, first_carrier_offset 1412, nb_prefix_samples 144,nb_prefix_samples0 176, ofdm_symbol_size 2048
 二  20 00:37:09 [0m[PHY]   Initializing UE vars for gNB TXant 1, UE RXant 1
 二  20 00:37:09 [0m[CONFIG] loader.dfts: 1/2 parameters successfully set 
 二  20 00:37:09 shlib_path libdfts.so
 二  20 00:37:09 [LOADER] library libdfts.so successfully loaded
 二  20 00:37:09 [PHY]   prs_config configuration NOT found..!! Skipped configuring UE for the PRS reception
 二  20 00:37:09 [0m[PHY]   UE 0 Setting N_TA_offset to 800 samples (factor 2.000000, UL Freq 3619200000, N_RB 106, mu 1)
 二  20 00:37:09 [0m[PHY]   HW: Configuring card 0, sample_rate 61440000.000000, tx/rx num_channels 1/1, duplex_mode TDD
 二  20 00:37:09 [0m[PHY]   HW: Configuring channel 0 (rf_chain 0): setting tx_freq 3619200000 Hz, rx_freq 3619200000 Hz, tune_offset 0
 二  20 00:37:09 [0m[PHY]   HW: Configuring channel 0 (rf_chain 0): setting tx_gain 0, rx_gain 110
 二  20 00:37:09 [0m[PHY]   HW: Configuring card 1, sample_rate 61440000.000000, tx/rx num_channels 1/1, duplex_mode TDD
 二  20 00:37:09 [0m[PHY]   HW: Configuring channel 0 (rf_chain 0): setting tx_freq 3619200000 Hz, rx_freq 3619200000 Hz, tune_offset 0
 二  20 00:37:09 [0m[PHY]   HW: Configuring channel 0 (rf_chain 0): setting tx_gain 0, rx_gain 110
 二  20 00:37:09 [0m[PHY]   HW: Configuring card 2, sample_rate 61440000.000000, tx/rx num_channels 1/1, duplex_mode TDD
 二  20 00:37:09 [0m[PHY]   HW: Configuring channel 0 (rf_chain 0): setting tx_freq 3619200000 Hz, rx_freq 3619200000 Hz, tune_offset 0
 二  20 00:37:09 [0m[PHY]   HW: Configuring channel 0 (rf_chain 0): setting tx_gain 0, rx_gain 110
 二  20 00:37:09 [0m[PHY]   HW: Configuring card 3, sample_rate 61440000.000000, tx/rx num_channels 1/1, duplex_mode TDD
 二  20 00:37:09 [0m[PHY]   HW: Configuring channel 0 (rf_chain 0): setting tx_freq 3619200000 Hz, rx_freq 3619200000 Hz, tune_offset 0
 二  20 00:37:09 [0m[PHY]   HW: Configuring channel 0 (rf_chain 0): setting tx_gain 0, rx_gain 110
 二  20 00:37:09 [0m[PHY]   HW: Configuring card 4, sample_rate 61440000.000000, tx/rx num_channels 1/1, duplex_mode TDD
 二  20 00:37:09 [0m[PHY]   HW: Configuring channel 0 (rf_chain 0): setting tx_freq 3619200000 Hz, rx_freq 3619200000 Hz, tune_offset 0
 二  20 00:37:09 [0m[PHY]   HW: Configuring channel 0 (rf_chain 0): setting tx_gain 0, rx_gain 110
 二  20 00:37:09 [0m[PHY]   HW: Configuring card 5, sample_rate 61440000.000000, tx/rx num_channels 1/1, duplex_mode TDD
 二  20 00:37:09 [0m[PHY]   HW: Configuring channel 0 (rf_chain 0): setting tx_freq 3619200000 Hz, rx_freq 3619200000 Hz, tune_offset 0
 二  20 00:37:09 [0m[PHY]   HW: Configuring channel 0 (rf_chain 0): setting tx_gain 0, rx_gain 110
 二  20 00:37:09 [0m[PHY]   HW: Configuring card 6, sample_rate 61440000.000000, tx/rx num_channels 1/1, duplex_mode TDD
 二  20 00:37:09 [0m[PHY]   HW: Configuring channel 0 (rf_chain 0): setting tx_freq 3619200000 Hz, rx_freq 3619200000 Hz, tune_offset 0
 二  20 00:37:09 [0m[PHY]   HW: Configuring channel 0 (rf_chain 0): setting tx_gain 0, rx_gain 110
 二  20 00:37:09 [0m[PHY]   HW: Configuring card 7, sample_rate 61440000.000000, tx/rx num_channels 1/1, duplex_mode TDD
 二  20 00:37:09 [0m[PHY]   HW: Configuring channel 0 (rf_chain 0): setting tx_freq 3619200000 Hz, rx_freq 3619200000 Hz, tune_offset 0
 二  20 00:37:09 [0m[PHY]   HW: Configuring channel 0 (rf_chain 0): setting tx_gain 0, rx_gain 110
 二  20 00:37:09 [0m[HW]   # /dev/cpu_dma_latency set to 2 us
 二  20 00:37:09 [0m[CONFIG] loader.nrscope: 1/2 parameters successfully set 
 二  20 00:37:09 shlib_path libnrscope.so
 二  20 00:37:09 [LOADER] library libnrscope.so is not loaded: libnrscope.so: cannot open shared object file: No such file or directory
 二  20 00:37:09 [PHY]   Intializing UE Threads for instance 0 (0x5583d56e7810,0x7ff696e2e010)...
 二  20 00:37:09 [0m[UTIL]   Creating thread UEthread with affinity -1 and priority 97
 二  20 00:37:09 [0m[UTIL]   Creating thread L1_UE_stats with affinity -1 and priority 1
 二  20 00:37:09 [0m[CONFIG] device.recplay: 8/8 parameters successfully set 
 二  20 00:37:09 [CONFIG] device: 1/1 parameters successfully set 
 二  20 00:37:09 [CONFIG] loader.rfsimulator: 1/2 parameters successfully set 
 二  20 00:37:09 shlib_path librfsimulator.so
 二  20 00:37:09 [LOADER] library librfsimulator.so successfully loaded
 二  20 00:37:09 [CONFIG] rfsimulator: 8/9 parameters successfully set 
 二  20 00:37:09 [93m[HW]   sample_rate 61440000.000000
 二  20 00:37:09 [0m[HW]   Running as client: will connect to a rfsimulator server side
 二  20 00:37:09 [0mInitializing random number generator, seed 10964217860170265700
 二  20 00:37:09 [HW]   [RRU] has loaded RFSIMULATOR device.
 二  20 00:37:09 [0m[93m[HW]   running command "/sbin/sysctl -n -e -q -w net.core.rmem_default=134217728" to increase RFsim performance
 二  20 00:37:09 [0m[93m[HW]   running command "/sbin/sysctl -n -e -q -w net.core.rmem_max=134217728" to increase RFsim performance
 二  20 00:37:09 [0m[93m[HW]   running command "/sbin/sysctl -n -e -q -w net.core.wmem_default=134217728" to increase RFsim performance
 二  20 00:37:09 [0mUE threads created by 31300
 二  20 00:37:09 TYPE <CTRL-C> TO TERMINATE
 二  20 00:37:09 [NR_RRC]   create TASK_RRC_NRUE 
 二  20 00:37:09 [0m[UTIL]   Creating thread TASK_RRC_NRUE with affinity -1 and priority 50
 二  20 00:37:09 [0m[93m[HW]   running command "/sbin/sysctl -n -e -q -w net.core.wmem_max=134217728" to increase RFsim performance
 二  20 00:37:09 [0m[HW]   Trying to connect to 127.0.0.1:4043
 二  20 00:37:09 [0m[HW]   connect() to 127.0.0.1:4043 failed, errno(111)
 二  20 00:37:09 [0m[ITTI]   Created Posix thread TASK_RRC_NRUE
 二  20 00:37:09 [0m[UTIL]   Creating thread TASK_NAS_NRUE with affinity -1 and priority 50
 二  20 00:37:09 [0m[ITTI]   Created Posix thread TASK_NAS_NRUE
 二  20 00:37:09 [0m[CONFIG] uicc0: 10/10 parameters successfully set 
 二  20 00:37:09 [SIM]   UICC simulation: IMSI=2089900007487, IMEISV=6754567890123413, Ki=fec86ba6eb707ed08905757b1bb44b8f, OPc=c42449363bbad02b66d16bc975d77cc1, DNN=oai, SST=0x01, SD=0xffffff
 二  20 00:37:10 [0m[HW]   Trying to connect to 127.0.0.1:4043
 二  20 00:37:10 [0m[HW]   connect() to 127.0.0.1:4043 failed, errno(111)
 二  20 00:37:11 [0m[HW]   Trying to connect to 127.0.0.1:4043
 二  20 00:37:11 [0m[HW]   connect() to 127.0.0.1:4043 failed, errno(111)
 二  20 00:37:11 [0mEntering ITTI signals handler
 二  20 00:37:11 TYPE <CTRL-C> TO TERMINATE
 二  20 00:37:12 [HW]   Trying to connect to 127.0.0.1:4043
 二  20 00:37:12 [0m[HW]   connect() to 127.0.0.1:4043 failed, errno(111)
 二  20 00:37:13 [0m[HW]   Trying to connect to 127.0.0.1:4043
 二  20 00:37:13 [0m[HW]   connect() to 127.0.0.1:4043 failed, errno(111)
 二  20 00:37:14 [0m[HW]   Trying to connect to 127.0.0.1:4043
 二  20 00:37:14 [0m[HW]   connect() to 127.0.0.1:4043 failed, errno(111)
 二  20 00:37:15 [0m[HW]   Trying to connect to 127.0.0.1:4043
 二  20 00:37:15 [0m[HW]   connect() to 127.0.0.1:4043 failed, errno(111)
 二  20 00:37:16 [0m[HW]   Trying to connect to 127.0.0.1:4043
 二  20 00:37:16 [0m[HW]   connect() to 127.0.0.1:4043 failed, errno(111)
 二  20 00:37:17 [0m[HW]   Trying to connect to 127.0.0.1:4043
 二  20 00:37:17 [0m[HW]   Connection to 127.0.0.1:4043 established
 二  20 00:37:17 [0m[HW]   connect() to 127.0.0.1:4043 failed, errno(111)
 二  20 00:37:21 [0m[93m[HW]   Lost socket
 二  20 00:37:21 [0m