 一  29 10:21:16 CMDLINE: "./nr-softmodem" "-O" "../../../targets/PROJECTS/GENERIC-LTE-EPC/CONF/rcc.band78.tm1.106PRB.nfapi.conf" "--nfapi" "VNF" "--sa" 
 一  29 10:21:16 [CONFIG] get parameters from libconfig ../../../targets/PROJECTS/GENERIC-LTE-EPC/CONF/rcc.band78.tm1.106PRB.nfapi.conf [LIBCONFIG] Path for include directive set to: ../../../targets/PROJECTS/GENERIC-LTE-EPC/CONF
 一  29 10:21:16 [CONFIG] function config_libconfig_init returned 0
 一  29 10:21:16 [CONFIG] config module libconfig loaded
 一  29 10:21:16 [LIBCONFIG] config: 2/2 parameters successfully set, (2 to default value)
 一  29 10:21:16 [CONFIG] debug flags: 0x00000000
 一  29 10:21:16 [LIBCONFIG] log_config: 3/3 parameters successfully set, (1 to default value)
 一  29 10:21:16 [LIBCONFIG] log_config: 53/53 parameters successfully set, (47 to default value)
 一  29 10:21:16 [LIBCONFIG] log_config: 53/53 parameters successfully set, (53 to default value)
 一  29 10:21:16 [LIBCONFIG] log_config: 16/16 parameters successfully set, (16 to default value)
 一  29 10:21:16 [LIBCONFIG] log_config: 16/16 parameters successfully set, (16 to default value)
 一  29 10:21:16 log init done
 一  29 10:21:16 [HW]   # /dev/cpu_dma_latency set to 2 us
 一  29 10:21:16 [0mReading in command-line options
 一  29 10:21:16 [LIBCONFIG] (root): 41/41 parameters successfully set, (38 to default value)
 一  29 10:21:16 [LIBCONFIG] (root): 6/6 parameters successfully set, (5 to default value)
 一  29 10:21:16 [ENB_APP]   nfapi running mode: VNF
 一  29 10:21:16 [0m[GNB_APP]   Getting GNBSParams
 一  29 10:21:16 [0m[LIBCONFIG] (root): 2/2 parameters successfully set, (0 to default value)
 一  29 10:21:16 [LIBCONFIG] list L1s not found in config file ../../../targets/PROJECTS/GENERIC-LTE-EPC/CONF/rcc.band78.tm1.106PRB.nfapi.conf 
 一  29 10:21:16 [LIBCONFIG] list RUs not found in config file ../../../targets/PROJECTS/GENERIC-LTE-EPC/CONF/rcc.band78.tm1.106PRB.nfapi.conf 
 一  29 10:21:16 [LIBCONFIG] THREAD_STRUCT.[0]: 2/2 parameters successfully set, (0 to default value)
 一  29 10:21:16 [LIBCONFIG] THREAD_STRUCT.[0]: 2/2 parameters successfully set, (0 to default value)
 一  29 10:21:16 [CONFIG] parallel_conf is set to 2
 一  29 10:21:16 [CONFIG] worker_conf is set to 1
 一  29 10:21:16 Configuration: nb_rrc_inst 1, nb_nr_L1_inst 0, nb_ru 0
 一  29 10:21:16 [LIBCONFIG] TTracer: 3/3 parameters successfully set, (3 to default value)
 一  29 10:21:16 configuring for RAU/RRU
 一  29 10:21:17 [ITTI]   Starting itti queue: TASK_UNKNOWN as task 0
 一  29 10:21:17 [0m[ITTI]   Starting itti queue: TASK_TIMER as task 1
 一  29 10:21:17 [0m[ITTI]   Starting itti queue: TASK_L2L1 as task 2
 一  29 10:21:17 [0m[ITTI]   Starting itti queue: TASK_BM as task 3
 一  29 10:21:17 [0m[ITTI]   Starting itti queue: TASK_PHY_ENB as task 4
 一  29 10:21:17 [0m[ITTI]   Starting itti queue: TASK_MAC_GNB as task 5
 一  29 10:21:17 [0m[ITTI]   Starting itti queue: TASK_RLC_ENB as task 6
 一  29 10:21:17 [0m[ITTI]   Starting itti queue: TASK_RRC_ENB_NB_IoT as task 7
 一  29 10:21:17 [0m[ITTI]   Starting itti queue: TASK_PDCP_ENB as task 8
 一  29 10:21:17 [0m[ITTI]   Starting itti queue: TASK_PDCP_GNB as task 9
 一  29 10:21:17 [0m[ITTI]   Starting itti queue: TASK_DATA_FORWARDING as task 10
 一  29 10:21:17 [0m[ITTI]   Starting itti queue: TASK_END_MARKER as task 11
 一  29 10:21:17 [0m[ITTI]   Starting itti queue: TASK_RRC_ENB as task 12
 一  29 10:21:17 [0m[ITTI]   Starting itti queue: TASK_RRC_GNB as task 13
 一  29 10:21:17 [0m[ITTI]   Starting itti queue: TASK_RAL_ENB as task 14
 一  29 10:21:17 [0m[ITTI]   Starting itti queue: TASK_S1AP as task 15
 一  29 10:21:17 [0m[ITTI]   Starting itti queue: TASK_NGAP as task 16
 一  29 10:21:17 [0m[ITTI]   Starting itti queue: TASK_X2AP as task 17
 一  29 10:21:17 [0m[ITTI]   Starting itti queue: TASK_M2AP_ENB as task 18
 一  29 10:21:17 [0m[ITTI]   Starting itti queue: TASK_M2AP_MCE as task 19
 一  29 10:21:17 [0m[ITTI]   Starting itti queue: TASK_M3AP as task 20
 一  29 10:21:17 [0m[ITTI]   Starting itti queue: TASK_M3AP_MME as task 21
 一  29 10:21:17 [0m[ITTI]   Starting itti queue: TASK_M3AP_MCE as task 22
 一  29 10:21:17 [0m[ITTI]   Starting itti queue: TASK_SCTP as task 23
 一  29 10:21:17 [0m[ITTI]   Starting itti queue: TASK_ENB_APP as task 24
 一  29 10:21:17 [0m[ITTI]   Starting itti queue: TASK_GNB_APP as task 25
 一  29 10:21:17 [0m[ITTI]   Starting itti queue: TASK_MCE_APP as task 26
 一  29 10:21:17 [0m[ITTI]   Starting itti queue: TASK_MME_APP as task 27
 一  29 10:21:17 [0m[ITTI]   Starting itti queue: TASK_PHY_UE as task 28
 一  29 10:21:17 [0m[ITTI]   Starting itti queue: TASK_MAC_UE as task 29
 一  29 10:21:17 [0m[ITTI]   Starting itti queue: TASK_RLC_UE as task 30
 一  29 10:21:17 [0m[ITTI]   Starting itti queue: TASK_PDCP_UE as task 31
 一  29 10:21:17 [0m[ITTI]   Starting itti queue: TASK_RRC_UE as task 32
 一  29 10:21:17 [0m[ITTI]   Starting itti queue: TASK_RRC_NRUE as task 33
 一  29 10:21:17 [0m[ITTI]   Starting itti queue: TASK_NAS_UE as task 34
 一  29 10:21:17 [0m[ITTI]   Starting itti queue: TASK_RAL_UE as task 35
 一  29 10:21:17 [0m[ITTI]   Starting itti queue: TASK_GTPV1_U as task 36
 一  29 10:21:17 [0m[ITTI]   Starting itti queue: TASK_CU_F1 as task 37
 一  29 10:21:17 [0m[ITTI]   Starting itti queue: TASK_DU_F1 as task 38
 一  29 10:21:17 [0m[ITTI]   Starting itti queue: TASK_CUCP_E1 as task 39
 一  29 10:21:17 [0m[ITTI]   Starting itti queue: TASK_CUUP_E1 as task 40
 一  29 10:21:17 [0m[ITTI]   Starting itti queue: TASK_RRC_UE_SIM as task 41
 一  29 10:21:17 [0m[ITTI]   Starting itti queue: TASK_RRC_GNB_SIM as task 42
 一  29 10:21:17 [0m[ITTI]   Starting itti queue: TASK_RRC_NSA_UE as task 43
 一  29 10:21:17 [0m[ITTI]   Starting itti queue: TASK_RRC_NSA_NRUE as task 44
 一  29 10:21:17 [0m[ITTI]   Starting itti queue: TASK_NAS_NRUE as task 45
 一  29 10:21:17 [0m[LIBCONFIG] opt: 3/3 parameters successfully set, (3 to default value)
 一  29 10:21:17 [OPT]   OPT disabled
 一  29 10:21:17 [0m[HW]   Version: Branch: nfapi-fixes Abrev. Hash: e9081061c2 Date: Wed Jan 17 11:43:56 2024 +0800
 一  29 10:21:17 [0m[LIBCONFIG] gNBs.[0]: 28/28 parameters successfully set, (21 to default value)
 一  29 10:21:17 [LIBCONFIG] MACRLCs.[0]: 34/34 parameters successfully set, (24 to default value)
 一  29 10:21:17 [LIBCONFIG] list gNBs.[0].E1_INTERFACE not found in config file ../../../targets/PROJECTS/GENERIC-LTE-EPC/CONF/rcc.band78.tm1.106PRB.nfapi.conf 
 一  29 10:21:17 [PHY]   create_gNB_tasks() Task ready initialize structures
 一  29 10:21:17 [0m
 一  29 10:21:17 [NTUST] Task ready initialize structures[LIBCONFIG] (root): 2/2 parameters successfully set, (0 to default value)
 一  29 10:21:17 [LIBCONFIG] gNBs.[0]: 28/28 parameters successfully set, (21 to default value)
 一  29 10:21:17 
 一  29 10:21:17 [NR_PHY]   RC.gNB = 0x5559c926dba0
 一  29 10:21:17 [0m[NTUST] Finish RCconfig_verify()[LIBCONFIG] (root): 2/2 parameters successfully set, (0 to default value)
 一  29 10:21:17 [LIBCONFIG] gNBs.[0]: 28/28 parameters successfully set, (21 to default value)
 一  29 10:21:17 [NR_PHY]   PRB blacklist 
 一  29 10:21:17 [0m[NR_PHY]   Copying 0 blacklisted PRB to L1 context
 一  29 10:21:17 [0m[LIBCONFIG] list L1s not found in config file ../../../targets/PROJECTS/GENERIC-LTE-EPC/CONF/rcc.band78.tm1.106PRB.nfapi.conf 
 一  29 10:21:17 [PHY]   No L1s configuration found[0m
 一  29 10:21:17 [NTUST] Finish RCconfig_NR_L1()[LIBCONFIG] list prs_config not found in config file ../../../targets/PROJECTS/GENERIC-LTE-EPC/CONF/rcc.band78.tm1.106PRB.nfapi.conf 
 一  29 10:21:17 [PHY]   No prs_config configuration found..!!
 一  29 10:21:17 [0m
 一  29 10:21:17 [NTUST] RC.nb_nr_macrlc_inst:1[LIBCONFIG] (root): 2/2 parameters successfully set, (0 to default value)
 一  29 10:21:17 [LIBCONFIG] gNBs.[0]: 28/28 parameters successfully set, (21 to default value)
 一  29 10:21:17 [LIBCONFIG] MACRLCs.[0]: 34/34 parameters successfully set, (24 to default value)
 一  29 10:21:17 [GNB_APP]   pdsch_AntennaPorts N1 1 N2 1 XP 1 pusch_AntennaPorts 1
 一  29 10:21:17 [0m[GNB_APP]   minTXRXTIME 2
 一  29 10:21:17 [0m[GNB_APP]   SIB1 TDA 1
 一  29 10:21:17 [0m[GNB_APP]   CSI-RS 0, SRS 0, 256 QAM may be on
 一  29 10:21:17 [0m[LIBCONFIG] gNBs.[0].servingCellConfigCommon.[0]: 60/60 parameters successfully set, (9 to default value)
 一  29 10:21:17 [RRC]   Read in ServingCellConfigCommon (PhysCellId 0, ABSFREQSSB 641280, DLBand 78, ABSFREQPOINTA 640008, DLBW 106,RACH_TargetReceivedPower -118
 一  29 10:21:17 [0m[NR_MAC]   NR band duplex spacing is 0 KHz (nr_bandtable[37].band = 78)
 一  29 10:21:17 [0m[RRC]   absoluteFrequencySSB 641280 corresponds to 3619200000 Hz
 一  29 10:21:17 [0m[NR_MAC]   NR band duplex spacing is 0 KHz (nr_bandtable[37].band = 78)
 一  29 10:21:17 [0m[NR_MAC]   NR band 78, duplex mode TDD, duplex spacing = 0 KHz
 一  29 10:21:17 [0m[NR_MAC]   NR band duplex spacing is 0 KHz (nr_bandtable[37].band = 78)
 一  29 10:21:17 [0m[NR_MAC]   NR band 78, duplex mode TDD, duplex spacing = 0 KHz
 一  29 10:21:17 [0m[LIBCONFIG] list gNBs.[0].servingCellConfigDedicated not found in config file ../../../targets/PROJECTS/GENERIC-LTE-EPC/CONF/rcc.band78.tm1.106PRB.nfapi.conf 
 一  29 10:21:17 [LIBCONFIG] gNBs.[0]: 28/28 parameters successfully set, (21 to default value)
 一  29 10:21:17 [LIBCONFIG] MACRLCs.[0]: 34/34 parameters successfully set, (24 to default value)
 一  29 10:21:17 [LIBCONFIG] list gNBs.[0].E1_INTERFACE not found in config file ../../../targets/PROJECTS/GENERIC-LTE-EPC/CONF/rcc.band78.tm1.106PRB.nfapi.conf 
 一  29 10:21:17 [MAC]   [MAIN] Init function start:nb_nr_macrlc_inst=1
 一  29 10:21:17 [0m[UTIL]   Creating thread MAC_STATS with affinity -1 and priority 2
 一  29 10:21:17 [0m[LIBCONFIG] gNBs.[0]: 28/28 parameters successfully set, (21 to default value)
 一  29 10:21:17 [LIBCONFIG] MACRLCs.[0]: 34/34 parameters successfully set, (24 to default value)
 一  29 10:21:17 [LIBCONFIG] list gNBs.[0].E1_INTERFACE not found in config file ../../../targets/PROJECTS/GENERIC-LTE-EPC/CONF/rcc.band78.tm1.106PRB.nfapi.conf 
 一  29 10:21:17 [PHY]   Installing callbacks for IF_Module - UL_indication
 一  29 10:21:17 [0m[MAC]   Allocating shared L1/L2 interface structure for instance 0 @ 0x5559c928c1a0
 一  29 10:21:17 [0m[NR_MAC]   Configuring common parameters from NR ServingCellConfig
 一  29 10:21:17 [0m[NR_MAC]   config_common() dl_BandwidthP:40
 一  29 10:21:17 [0m[NR_MAC]   NR band duplex spacing is 0 KHz (nr_bandtable[37].band = 78)
 一  29 10:21:17 [0m[NR_MAC]   config_common() dl_BandwidthP:40
 一  29 10:21:17 [0m[NR_MAC]   NR band duplex spacing is 0 KHz (nr_bandtable[37].band = 78)
 一  29 10:21:17 [0m[NR_MAC]   NR band duplex spacing is 0 KHz (nr_bandtable[37].band = 78)
 一  29 10:21:17 [0m[NR_MAC]   NR band 78, duplex mode TDD, duplex spacing = 0 KHz
 一  29 10:21:17 [0m[NR_MAC]   ssb_OffsetPointA 86, ssb_SubcarrierOffset 0
 一  29 10:21:17 [0m[NR_MAC]   Set RX antenna number to 1, Set TX antenna number to 1 (num ssb 1: 80000000,0)
 一  29 10:21:17 [0m[NR_MAC]   Setting TDD configuration period to 6
 一  29 10:21:17 [0m[NR_MAC]   TDD has been properly configurated
 一  29 10:21:17 [0m[NR_MAC]   PUSCH Target 200, PUCCH Target 150, PUCCH Failure 10, PUSCH Failure 10
 一  29 10:21:17 [0m**************** vnf_port:50001
 一  29 10:21:17 [ENB_APP]   nfapi running mode: VNF
 一  29 10:21:17 [0m**************** RETURNED FROM configure_nr_nfapi_vnf() vnf_port:50001
 一  29 10:21:17 [LIBCONFIG] (root): 2/2 parameters successfully set, (0 to default value)
 一  29 10:21:17 [LIBCONFIG] gNBs.[0]: 28/28 parameters successfully set, (21 to default value)
 一  29 10:21:17 [LIBCONFIG] gNBs.[0].plmn_list.[0]: 3/3 parameters successfully set, (0 to default value)
 一  29 10:21:17 [93m[GNB_APP]   no slices transported via F1 Setup Request!
 一  29 10:21:17 [0m[NR_RRC]   SIB1 freq: offsetToPointA 86
 一  29 10:21:17 [0m[NR_MAC]   NR band duplex spacing is 0 KHz (nr_bandtable[37].band = 78)
 一  29 10:21:17 [0m[NR_MAC]   NR band 78, duplex mode TDD, duplex spacing = 0 KHz
 一  29 10:21:17 [0m[GNB_APP]   F1AP: gNB idx 0 gNB_DU_id 3584, gNB_DU_name gNB-Eurecom-5GNRBox, TAC 1 MCC/MNC/length 208/95/2 cellID 1
 一  29 10:21:17 [0m[GNB_APP]   ngran_DU: Configuring Cell 0 for TDD
 一  29 10:21:17 [0m[PHY]   create_gNB_tasks() RC.nb_nr_L1_inst:0
 一  29 10:21:17 [0m[GNB_APP]   Allocating gNB_RRC_INST for 1 instances
 一  29 10:21:17 [0m[LIBCONFIG] (root): 2/2 parameters successfully set, (0 to default value)
 一  29 10:21:17 [LIBCONFIG] gNBs.[0]: 28/28 parameters successfully set, (21 to default value)
 一  29 10:21:17 NRRRC 0: Southbound Transport local_mac
 一  29 10:21:17 [LIBCONFIG] gNBs.[0]: 28/28 parameters successfully set, (21 to default value)
 一  29 10:21:17 [LIBCONFIG] MACRLCs.[0]: 34/34 parameters successfully set, (24 to default value)
 一  29 10:21:17 [LIBCONFIG] list gNBs.[0].E1_INTERFACE not found in config file ../../../targets/PROJECTS/GENERIC-LTE-EPC/CONF/rcc.band78.tm1.106PRB.nfapi.conf 
 一  29 10:21:17 [LIBCONFIG] gNBs.[0].plmn_list.[0]: 3/3 parameters successfully set, (0 to default value)
 一  29 10:21:17 [GNB_APP]   SDAP layer is disabled
 一  29 10:21:17 [0m[GNB_APP]   Data Radio Bearer count 1
 一  29 10:21:17 [0m[NR_RRC]   do_SIB23_NR, size 9 
 一  29 10:21:17  [0m[LIBCONFIG] security: 4/4 parameters successfully set, (2 to default value)
 一  29 10:21:17 [93m[RRC]   no preferred ciphering algorithm set in configuration file, applying default parameters (no security)
 一  29 10:21:17 [0m[93m[RRC]   no preferred integrity algorithm set in configuration file, applying default parameters (nia2)
 一  29 10:21:17 [0m[LIBCONFIG] gNBs.[0]: 28/28 parameters successfully set, (21 to default value)
 一  29 10:21:17 [LIBCONFIG] MACRLCs.[0]: 34/34 parameters successfully set, (24 to default value)
 一  29 10:21:17 [LIBCONFIG] list gNBs.[0].E1_INTERFACE not found in config file ../../../targets/PROJECTS/GENERIC-LTE-EPC/CONF/rcc.band78.tm1.106PRB.nfapi.conf 
 一  29 10:21:17 [LIBCONFIG] gNBs.[0]: 28/28 parameters successfully set, (21 to default value)
 一  29 10:21:17 [LIBCONFIG] MACRLCs.[0]: 34/34 parameters successfully set, (24 to default value)
 一  29 10:21:17 [LIBCONFIG] list gNBs.[0].E1_INTERFACE not found in config file ../../../targets/PROJECTS/GENERIC-LTE-EPC/CONF/rcc.band78.tm1.106PRB.nfapi.conf 
 一  29 10:21:17 [LIBCONFIG] gNBs.[0]: 28/28 parameters successfully set, (21 to default value)
 一  29 10:21:17 [LIBCONFIG] MACRLCs.[0]: 34/34 parameters successfully set, (24 to default value)
 一  29 10:21:17 [LIBCONFIG] list gNBs.[0].E1_INTERFACE not found in config file ../../../targets/PROJECTS/GENERIC-LTE-EPC/CONF/rcc.band78.tm1.106PRB.nfapi.conf 
 一  29 10:21:17 [PDCP]   pdcp init,usegtp 
 一  29 10:21:17 [0m[LIBCONFIG] eNBs.[0]: 1/1 parameters successfully set, (1 to default value)
 一  29 10:21:17 [LIBCONFIG] gNBs.[0]: 1/1 parameters successfully set, (1 to default value)
 一  29 10:21:17 [LIBCONFIG] (root): 2/2 parameters successfully set, (0 to default value)
 一  29 10:21:17 [LIBCONFIG] gNBs.[0]: 28/28 parameters successfully set, (21 to default value)
 一  29 10:21:17 [LIBCONFIG] gNBs.[0].plmn_list.[0]: 3/3 parameters successfully set, (0 to default value)
 一  29 10:21:17 [LIBCONFIG] gNBs.[0].plmn_list.[0].snssaiList.[0]: 2/2 parameters successfully set, (1 to default value)
 一  29 10:21:17 [LIBCONFIG] gNBs.[0].amf_ip_address.[0]: 4/4 parameters successfully set, (0 to default value)
 一  29 10:21:17 [LIBCONFIG] gNBs.[0].SCTP: 2/2 parameters successfully set, (0 to default value)
 一  29 10:21:17 [LIBCONFIG] gNBs.[0].NETWORK_INTERFACES: 10/10 parameters successfully set, (3 to default value)
 一  29 10:21:17 [GNB_APP]   default drx 0
 一  29 10:21:17 [0m[GNB_APP]   [gNB 0] gNB_app_register for instance 0
 一  29 10:21:17 [0m[UTIL]   Creating thread TASK_SCTP with affinity -1 and priority 50
 一  29 10:21:17 [0m[ITTI]   Created Posix thread TASK_SCTP
 一  29 10:21:17 [0m[X2AP]   X2AP is disabled.
 一  29 10:21:17 [0m[LIBCONFIG] gNBs.[0].NETWORK_INTERFACES: 10/10 parameters successfully set, (3 to default value)
 一  29 10:21:17 [UTIL]   Creating thread TASK_NGAP with affinity -1 and priority 50
 一  29 10:21:17 [0m[NGAP]   Starting NGAP layer
 一  29 10:21:17 [0m[ITTI]   Created Posix thread TASK_NGAP
 一  29 10:21:17 [0m[UTIL]   Creating thread TASK_GNB_APP with affinity -1 and priority 50
 一  29 10:21:17 [0m[NGAP]   Registered new gNB[0] and macro gNB id 3584
 一  29 10:21:17 [0m[NGAP]   [gNB 0] check the amf registration state
 一  29 10:21:17 [0m[ITTI]   Created Posix thread TASK_GNB_APP
 一  29 10:21:17 [0m[UTIL]   Creating thread TASK_RRC_GNB with affinity -1 and priority 50
 一  29 10:21:17 [0m[LIBCONFIG] gNBs.[0]: 28/28 parameters successfully set, (21 to default value)
 一  29 10:21:17 [LIBCONFIG] MACRLCs.[0]: 34/34 parameters successfully set, (24 to default value)
 一  29 10:21:17 [LIBCONFIG] list gNBs.[0].E1_INTERFACE not found in config file ../../../targets/PROJECTS/GENERIC-LTE-EPC/CONF/rcc.band78.tm1.106PRB.nfapi.conf 
 一  29 10:21:17 [ITTI]   Created Posix thread TASK_RRC_GNB
 一  29 10:21:17 [0m[LIBCONFIG] (root): 2/2 parameters successfully set, (0 to default value)
 一  29 10:21:17 [LIBCONFIG] gNBs.[0]: 28/28 parameters successfully set, (21 to default value)
 一  29 10:21:17 [LIBCONFIG] gNBs.[0].plmn_list.[0]: 3/3 parameters successfully set, (0 to default value)
 一  29 10:21:17 [LIBCONFIG] gNBs.[0].plmn_list.[0].snssaiList.[0]: 2/2 parameters successfully set, (1 to default value)
 一  29 10:21:17 [GTPU]   Configuring GTPu
 一  29 10:21:17 [0m[LIBCONFIG] (root): 2/2 parameters successfully set, (0 to default value)
 一  29 10:21:17 [LIBCONFIG] gNBs.[0].NETWORK_INTERFACES: 10/10 parameters successfully set, (3 to default value)
 一  29 10:21:17 [GTPU]   SA mode 
 一  29 10:21:17 [0m[GTPU]   Configuring GTPu address : 192.168.70.129, port : 2152
 一  29 10:21:17 [0m[GTPU]   Initializing UDP for local address 192.168.70.129 with port 2152
 一  29 10:21:17 [0m[GTPU]   Created gtpu instance id: 103
 一  29 10:21:17 [0m[PHY]   Installing callbacks for IF_Module - UL_indication
 一  29 10:21:17 [0m[NR_RRC]   Entering main loop of NR_RRC message task
 一  29 10:21:17 [0m[UTIL]   Creating thread TASK_GTPV1_U with affinity -1 and priority 50
 一  29 10:21:17 [0m[NR_RRC]   Received F1 Setup Request from gNB_DU 3584 (gNB-Eurecom-5GNRBox) on assoc_id -1
 一  29 10:21:17 [0m[RRC]   Accepting DU 3584 (gNB-Eurecom-5GNRBox), sending F1 Setup Response
 一  29 10:21:17 [0m[MAC]   received F1 Setup Response from CU (null)
 一  29 10:21:17 [0m[RRC]   Accepting new CU-UP ID 3584 name gNB-Eurecom-5GNRBox (assoc_id -1)
 一  29 10:21:17 [0m[ITTI]   Created Posix thread TASK_GTPV1_U
 一  29 10:21:17 [0mNFAPI*** - mutex and cond created - will block shortly for completion of PNF connection
 一  29 10:21:17 START MAIN THREADS
 一  29 10:21:17 RC.nb_nr_L1_inst:0
 一  29 10:21:17 wait_gNBs()
 一  29 10:21:17 Waiting for gNB L1 instances to all get configured ... sleeping 50ms (nb_nr_sL1_inst 0)
 一  29 10:21:17 Calling sched_setscheduler(79)
 一  29 10:21:17 [VNF] Sent NFAPI_VNF_CONFIG_REQ num_tlv:103
 一  29 10:21:17 gNB L1 are configured
 一  29 10:21:17 About to Init RU threads RC.nb_RU:0
 一  29 10:21:17 Entering ITTI signals handler
 一  29 10:21:17 TYPE <CTRL-C> TO TERMINATE
 一  29 10:21:19 
 一  29 10:21:19 ** Caught SIGTERM, shutting down
 一  29 10:21:19 Returned from ITTI signal handler
 一  29 10:21:19 oai_exit=1
 一  29 10:21:19 Bye.
